#
# There is insufficient memory for the Java Runtime Environment to continue.
# Native memory allocation (mmap) failed to map 2097152 bytes for Failed to commit area from 0x0000000093700000 to 0x0000000093900000 of length 2097152.
# Possible reasons:
#   The system is out of physical RAM or swap space
#   The process is running with CompressedOops enabled, and the Java Heap may be blocking the growth of the native heap
# Possible solutions:
#   Reduce memory load on the system
#   Increase physical memory or swap space
#   Check if swap backing store is full
#   Decrease Java heap size (-Xmx/-Xms)
#   Decrease number of Java threads
#   Decrease Java thread stack sizes (-Xss)
#   Set larger code cache with -XX:ReservedCodeCacheSize=
#   JVM is running with Unscaled Compressed Oops mode in which the Java heap is
#     placed in the first 4GB address space. The Java Heap base address is the
#     maximum limit for the native heap growth. Please use -XX:HeapBaseMinAddress
#     to set the Java Heap base and to place the Java Heap above 4GB virtual address.
# This output file may be truncated or incomplete.
#
#  Out of Memory Error (t:/workspace/open/src/hotspot/os/windows/os_windows.cpp:3301), pid=12852, tid=12308
#
# JRE version: Java(TM) SE Runtime Environment (13.0.2+8) (build 13.0.2+8)
# Java VM: Java HotSpot(TM) 64-Bit Server VM (13.0.2+8, mixed mode, sharing, tiered, compressed oops, g1 gc, windows-amd64)
# No core dump will be written. Minidumps are not enabled by default on client versions of Windows
#

---------------  S U M M A R Y ------------

Command Line: com.example.NutrienX.NutrienXApplication

Host: AMD Ryzen 5 2500U with Radeon Vega Mobile Gfx  , 8 cores, 6G,  Windows 10 , 64 bit Build 17763 (10.0.17763.1158)
Time: Sat Nov 21 19:09:59 2020 India Standard Time elapsed time: 465 seconds (0d 0h 7m 45s)

---------------  T H R E A D  ---------------

Current thread (0x000001b37f4fe800):  VMThread "VM Thread" [stack: 0x0000000411600000,0x0000000411700000] [id=12308]

Stack: [0x0000000411600000,0x0000000411700000]
[error occurred during error reporting (printing stack bounds), id 0xc0000005, EXCEPTION_ACCESS_VIOLATION (0xc0000005) at pc=0x000001b3000010ad]

Native frames: (J=compiled Java code, j=interpreted, Vv=VM code, C=native code)
V  [jvm.dll+0x624f9a]
V  [jvm.dll+0x770cfa]
V  [jvm.dll+0x7724af]
V  [jvm.dll+0x772a15]
V  [jvm.dll+0x7729cb]
V  [jvm.dll+0x6244df]
C  [ntdll.dll+0x66b26]
C  [ntdll.dll+0x4849]
C  [ntdll.dll+0xa350e]
C  0x000001b3000010ad

VM_Operation (0x00000004112ff7f0): G1Concurrent, mode: safepoint, requested by thread 0x000001b36ffa8800


---------------  P R O C E S S  ---------------

Threads class SMR info:
_java_thread_list=0x000001b311be7d30, length=30, elements={
0x000001b37f501800, 0x000001b37f505000, 0x000001b37f524000, 0x000001b37f526000,
0x000001b37f527000, 0x000001b37f52a000, 0x000001b30f008800, 0x000001b30f138800,
0x000001b30f143800, 0x000001b313c9f800, 0x000001b315dad000, 0x000001b315db3800,
0x000001b315db4000, 0x000001b315dae800, 0x000001b315db1800, 0x000001b315db2800,
0x000001b315db0000, 0x000001b315daf000, 0x000001b315db6000, 0x000001b315db6800,
0x000001b315db7800, 0x000001b315dba000, 0x000001b315db9000, 0x000001b315db8000,
0x000001b315dba800, 0x000001b315db5000, 0x000001b3145c0000, 0x000001b3145c1000,
0x000001b3145c1800, 0x000001b3145be800
}

Java Threads: ( => current thread )
  0x000001b37f501800 JavaThread "Reference Handler" daemon [_thread_blocked, id=576, stack(0x0000000411700000,0x0000000411800000)]
  0x000001b37f505000 JavaThread "Finalizer" daemon [_thread_blocked, id=3772, stack(0x0000000411800000,0x0000000411900000)]
  0x000001b37f524000 JavaThread "Signal Dispatcher" daemon [_thread_blocked, id=12408, stack(0x0000000411900000,0x0000000411a00000)]
  0x000001b37f526000 JavaThread "Attach Listener" daemon [_thread_blocked, id=6152, stack(0x0000000411a00000,0x0000000411b00000)]
  0x000001b37f527000 JavaThread "C2 CompilerThread0" daemon [_thread_blocked, id=8160, stack(0x0000000411b00000,0x0000000411c00000)]
  0x000001b37f52a000 JavaThread "C1 CompilerThread0" daemon [_thread_blocked, id=8692, stack(0x0000000411c00000,0x0000000411d00000)]
  0x000001b30f008800 JavaThread "Sweeper thread" daemon [_thread_blocked, id=11336, stack(0x0000000411d00000,0x0000000411e00000)]
  0x000001b30f138800 JavaThread "Service Thread" daemon [_thread_blocked, id=12412, stack(0x0000000411e00000,0x0000000411f00000)]
  0x000001b30f143800 JavaThread "Common-Cleaner" daemon [_thread_blocked, id=14864, stack(0x0000000412000000,0x0000000412100000)]
  0x000001b313c9f800 JavaThread "Live Reload Server" daemon [_thread_in_native, id=11160, stack(0x0000000413300000,0x0000000413400000)]
  0x000001b315dad000 JavaThread "DestroyJavaVM" [_thread_blocked, id=6012, stack(0x0000000411000000,0x0000000411100000)]
  0x000001b315db3800 JavaThread "Catalina-utility-1" [_thread_blocked, id=1340, stack(0x0000000412500000,0x0000000412600000)]
  0x000001b315db4000 JavaThread "Catalina-utility-2" [_thread_blocked, id=9300, stack(0x0000000412c00000,0x0000000412d00000)]
  0x000001b315dae800 JavaThread "container-0" [_thread_blocked, id=10548, stack(0x0000000412d00000,0x0000000412e00000)]
  0x000001b315db1800 JavaThread "cluster-ClusterId{value='5fb91897b05f46249f30e20a', description='null'}-localhost:27017" daemon [_thread_blocked, id=6468, stack(0x0000000412e00000,0x0000000412f00000)]
  0x000001b315db2800 JavaThread "cluster-rtt-ClusterId{value='5fb91897b05f46249f30e20a', description='null'}-localhost:27017" daemon [_thread_blocked, id=1556, stack(0x0000000412f00000,0x0000000413000000)]
  0x000001b315db0000 JavaThread "File Watcher" daemon [_thread_blocked, id=8864, stack(0x0000000413000000,0x0000000413100000)]
  0x000001b315daf000 JavaThread "http-nio-8080-BlockPoller" daemon [_thread_in_native, id=5888, stack(0x0000000413100000,0x0000000413200000)]
  0x000001b315db6000 JavaThread "http-nio-8080-exec-1" daemon [_thread_blocked, id=10664, stack(0x0000000413200000,0x0000000413300000)]
  0x000001b315db6800 JavaThread "http-nio-8080-exec-2" daemon [_thread_blocked, id=9932, stack(0x0000000413400000,0x0000000413500000)]
  0x000001b315db7800 JavaThread "http-nio-8080-exec-3" daemon [_thread_blocked, id=10748, stack(0x0000000413500000,0x0000000413600000)]
  0x000001b315dba000 JavaThread "http-nio-8080-exec-4" daemon [_thread_blocked, id=3828, stack(0x0000000413600000,0x0000000413700000)]
  0x000001b315db9000 JavaThread "http-nio-8080-exec-5" daemon [_thread_blocked, id=1988, stack(0x0000000413700000,0x0000000413800000)]
  0x000001b315db8000 JavaThread "http-nio-8080-exec-6" daemon [_thread_blocked, id=7512, stack(0x0000000413800000,0x0000000413900000)]
  0x000001b315dba800 JavaThread "http-nio-8080-exec-7" daemon [_thread_blocked, id=1468, stack(0x0000000413900000,0x0000000413a00000)]
  0x000001b315db5000 JavaThread "http-nio-8080-exec-8" daemon [_thread_blocked, id=14232, stack(0x0000000413a00000,0x0000000413b00000)]
  0x000001b3145c0000 JavaThread "http-nio-8080-exec-9" daemon [_thread_blocked, id=8452, stack(0x0000000413b00000,0x0000000413c00000)]
  0x000001b3145c1000 JavaThread "http-nio-8080-exec-10" daemon [_thread_blocked, id=13616, stack(0x0000000413c00000,0x0000000413d00000)]
  0x000001b3145c1800 JavaThread "http-nio-8080-ClientPoller" daemon [_thread_blocked, id=10016, stack(0x0000000413d00000,0x0000000413e00000)]
  0x000001b3145be800 JavaThread "http-nio-8080-Acceptor" daemon [_thread_in_native, id=9424, stack(0x0000000413e00000,0x0000000413f00000)]

Other Threads:
=>0x000001b37f4fe800 VMThread "VM Thread" [stack: 0x0000000411600000,0x0000000411700000] [id=12308]
  0x000001b30f13a000 WatcherThread [stack: 0x0000000411f00000,0x0000000412000000] [id=10604]
  0x000001b36ff98800 GCTaskThread "GC Thread#0" [stack: 0x0000000411100000,0x0000000411200000] [id=15204]
  0x000001b30fbf1000 GCTaskThread "GC Thread#1" [stack: 0x0000000412200000,0x0000000412300000] [id=11024]
  0x000001b3105bf800 GCTaskThread "GC Thread#2" [stack: 0x0000000412600000,0x0000000412700000] [id=1592]
  0x000001b310188000 GCTaskThread "GC Thread#3" [stack: 0x0000000412700000,0x0000000412800000] [id=868]
  0x000001b30fe5b800 GCTaskThread "GC Thread#4" [stack: 0x0000000412800000,0x0000000412900000] [id=14264]
  0x000001b30fe5c800 GCTaskThread "GC Thread#5" [stack: 0x0000000412900000,0x0000000412a00000] [id=12840]
  0x000001b30fcaf000 GCTaskThread "GC Thread#6" [stack: 0x0000000412a00000,0x0000000412b00000] [id=6280]
  0x000001b30fcaf800 GCTaskThread "GC Thread#7" [stack: 0x0000000412b00000,0x0000000412c00000] [id=6808]
  0x000001b36ffa8800 ConcurrentGCThread "G1 Main Marker" [stack: 0x0000000411200000,0x0000000411300000] [id=4092]
  0x000001b36ffa9800 ConcurrentGCThread "G1 Conc#0" [stack: 0x0000000411300000,0x0000000411400000] [id=14252]
  0x000001b310881000 ConcurrentGCThread "G1 Conc#1" [stack: 0x0000000412400000,0x0000000412500000] [id=8772]
  0x000001b37f37f800 ConcurrentGCThread "G1 Refine#0" [stack: 0x0000000411400000,0x0000000411500000] [id=1124]
  0x000001b37f380800 ConcurrentGCThread "G1 Young RemSet Sampling" [stack: 0x0000000411500000,0x0000000411600000] [id=13024]

Threads with active compile tasks:

VM state:at safepoint (normal execution)

VM Mutex/Monitor currently owned by a thread:  ([mutex/lock_event])
[0x000001b36ff58070] Threads_lock - owner thread: 0x000001b37f4fe800
[0x000001b36ff58850] Heap_lock - owner thread: 0x000001b36ffa8800

Heap address: 0x0000000090c00000, size: 1780 MB, Compressed Oops mode: 32-bit
Narrow klass base: 0x0000000800000000, Narrow klass shift: 3
Compressed class space size: 1073741824 Address: 0x0000000800b40000

Heap:
 garbage-first heap   total 53248K, used 29561K [0x0000000090c00000, 0x0000000100000000)
  region size 1024K, 4 young (4096K), 1 survivors (1024K)
 Metaspace       used 44424K, capacity 46069K, committed 46208K, reserved 1089536K
  class space    used 5321K, capacity 6001K, committed 6016K, reserved 1048576K
Heap Regions: E=young(eden), S=young(survivor), O=old, HS=humongous(starts), HC=humongous(continues), CS=collection set, F=free, A=archive, TAMS=top-at-mark-start (previous, next)
|   0|0x0000000090c00000, 0x0000000090ce8d18, 0x0000000090d00000| 90%| O|  |TAMS 0x0000000090ce8d18, 0x0000000090c00000| Updating 
|   1|0x0000000090d00000, 0x0000000090dfffe8, 0x0000000090e00000| 99%| O|  |TAMS 0x0000000090dfffe8, 0x0000000090d00000| Updating 
|   2|0x0000000090e00000, 0x0000000090effff8, 0x0000000090f00000| 99%| O|  |TAMS 0x0000000090effff8, 0x0000000090e00000| Updating 
|   3|0x0000000090f00000, 0x0000000090ffffe0, 0x0000000091000000| 99%| O|  |TAMS 0x0000000090ffffe0, 0x0000000090f00000| Updating 
|   4|0x0000000091000000, 0x00000000910fffd0, 0x0000000091100000| 99%| O|  |TAMS 0x00000000910fffd0, 0x0000000091000000| Updating 
|   5|0x0000000091100000, 0x00000000911fffe8, 0x0000000091200000| 99%| O|  |TAMS 0x00000000911fffe8, 0x0000000091100000| Updating 
|   6|0x0000000091200000, 0x00000000912ffff8, 0x0000000091300000| 99%| O|  |TAMS 0x00000000912ffff8, 0x0000000091200000| Updating 
|   7|0x0000000091300000, 0x00000000913ffff0, 0x0000000091400000| 99%| O|  |TAMS 0x00000000913ffff0, 0x0000000091300000| Updating 
|   8|0x0000000091400000, 0x0000000091500000, 0x0000000091500000|100%| O|  |TAMS 0x0000000091500000, 0x0000000091400000| Updating 
|   9|0x0000000091500000, 0x00000000915ffff8, 0x0000000091600000| 99%| O|  |TAMS 0x00000000915ffff8, 0x0000000091500000| Updating 
|  10|0x0000000091600000, 0x0000000091700000, 0x0000000091700000|100%| O|  |TAMS 0x0000000091700000, 0x0000000091600000| Updating 
|  11|0x0000000091700000, 0x0000000091800000, 0x0000000091800000|100%| O|  |TAMS 0x0000000091800000, 0x0000000091700000| Updating 
|  12|0x0000000091800000, 0x0000000091900000, 0x0000000091900000|100%| O|  |TAMS 0x0000000091900000, 0x0000000091800000| Updating 
|  13|0x0000000091900000, 0x00000000919fff90, 0x0000000091a00000| 99%| O|  |TAMS 0x00000000919fff90, 0x0000000091900000| Updating 
|  14|0x0000000091a00000, 0x0000000091afffe8, 0x0000000091b00000| 99%| O|  |TAMS 0x0000000091afffe8, 0x0000000091a00000| Updating 
|  15|0x0000000091b00000, 0x0000000091bffff8, 0x0000000091c00000| 99%| O|  |TAMS 0x0000000091bffff8, 0x0000000091b00000| Updating 
|  16|0x0000000091c00000, 0x0000000091cffff8, 0x0000000091d00000| 99%| O|  |TAMS 0x0000000091cffff8, 0x0000000091c00000| Updating 
|  17|0x0000000091d00000, 0x0000000091e00000, 0x0000000091e00000|100%| O|  |TAMS 0x0000000091e00000, 0x0000000091d00000| Updating 
|  18|0x0000000091e00000, 0x0000000091f00000, 0x0000000091f00000|100%| O|  |TAMS 0x0000000091f00000, 0x0000000091e00000| Updating 
|  19|0x0000000091f00000, 0x0000000091fffff8, 0x0000000092000000| 99%| O|  |TAMS 0x0000000091fffff8, 0x0000000091f00000| Updating 
|  20|0x0000000092000000, 0x00000000920efa00, 0x0000000092100000| 93%| O|  |TAMS 0x00000000920efa00, 0x0000000092000000| Updating 
|  21|0x0000000092100000, 0x0000000092200000, 0x0000000092200000|100%| O|  |TAMS 0x0000000092200000, 0x0000000092100000| Updating 
|  22|0x0000000092200000, 0x00000000922ffff8, 0x0000000092300000| 99%| O|  |TAMS 0x00000000922ffff8, 0x0000000092200000| Updating 
|  23|0x0000000092300000, 0x0000000092400000, 0x0000000092400000|100%| O|  |TAMS 0x0000000092400000, 0x0000000092300000| Updating 
|  24|0x0000000092400000, 0x0000000092500000, 0x0000000092500000|100%| O|  |TAMS 0x0000000092500000, 0x0000000092400000| Updating 
|  25|0x0000000092500000, 0x0000000092600000, 0x0000000092600000|100%| O|  |TAMS 0x0000000092600000, 0x0000000092500000| Updating 
|  26|0x0000000092600000, 0x0000000092600000, 0x0000000092700000|  0%| F|  |TAMS 0x0000000092600000, 0x0000000092600000| Untracked 
|  27|0x0000000092700000, 0x0000000092700000, 0x0000000092800000|  0%| F|  |TAMS 0x0000000092700000, 0x0000000092700000| Untracked 
|  28|0x0000000092800000, 0x0000000092900000, 0x0000000092900000|100%| O|  |TAMS 0x0000000092900000, 0x0000000092800000| Updating 
|  29|0x0000000092900000, 0x0000000092900000, 0x0000000092a00000|  0%| F|  |TAMS 0x0000000092900000, 0x0000000092900000| Untracked 
|  30|0x0000000092a00000, 0x0000000092a00000, 0x0000000092b00000|  0%| F|  |TAMS 0x0000000092a00000, 0x0000000092a00000| Untracked 
|  31|0x0000000092b00000, 0x0000000092b00000, 0x0000000092c00000|  0%| F|  |TAMS 0x0000000092b00000, 0x0000000092b00000| Untracked 
|  32|0x0000000092c00000, 0x0000000092c060c0, 0x0000000092d00000|  2%| S|CS|TAMS 0x0000000092c00000, 0x0000000092c00000| Complete 
|  33|0x0000000092d00000, 0x0000000092d00000, 0x0000000092e00000|  0%| F|  |TAMS 0x0000000092d00000, 0x0000000092d00000| Untracked 
|  34|0x0000000092e00000, 0x0000000092e00000, 0x0000000092f00000|  0%| F|  |TAMS 0x0000000092e00000, 0x0000000092e00000| Untracked 
|  35|0x0000000092f00000, 0x0000000092f00000, 0x0000000093000000|  0%| F|  |TAMS 0x0000000092f00000, 0x0000000092f00000| Untracked 
|  36|0x0000000093000000, 0x0000000093000000, 0x0000000093100000|  0%| F|  |TAMS 0x0000000093000000, 0x0000000093000000| Untracked 
|  37|0x0000000093100000, 0x0000000093100000, 0x0000000093200000|  0%| F|  |TAMS 0x0000000093100000, 0x0000000093100000| Untracked 
|  38|0x0000000093200000, 0x0000000093200000, 0x0000000093300000|  0%| F|  |TAMS 0x0000000093200000, 0x0000000093200000| Untracked 
|  39|0x0000000093300000, 0x0000000093300000, 0x0000000093400000|  0%| F|  |TAMS 0x0000000093300000, 0x0000000093300000| Untracked 
|  40|0x0000000093400000, 0x0000000093400000, 0x0000000093500000|  0%| F|  |TAMS 0x0000000093400000, 0x0000000093400000| Untracked 
|  41|0x0000000093500000, 0x0000000093500000, 0x0000000093600000|  0%| F|  |TAMS 0x0000000093500000, 0x0000000093500000| Untracked 
|  42|0x0000000093600000, 0x0000000093600000, 0x0000000093700000|  0%| F|  |TAMS 0x0000000093600000, 0x0000000093600000| Untracked 
|  54|0x0000000094200000, 0x0000000094200000, 0x0000000094300000|  0%| F|  |TAMS 0x0000000094200000, 0x0000000094200000| Untracked 
|  55|0x0000000094300000, 0x0000000094300000, 0x0000000094400000|  0%| F|  |TAMS 0x0000000094300000, 0x0000000094300000| Untracked 
|  56|0x0000000094400000, 0x0000000094400000, 0x0000000094500000|  0%| F|  |TAMS 0x0000000094400000, 0x0000000094400000| Untracked 
|  57|0x0000000094500000, 0x0000000094500000, 0x0000000094600000|  0%| F|  |TAMS 0x0000000094500000, 0x0000000094500000| Untracked 
|  58|0x0000000094600000, 0x00000000946554b0, 0x0000000094700000| 33%| E|  |TAMS 0x0000000094600000, 0x0000000094600000| Complete 
|  59|0x0000000094700000, 0x0000000094800000, 0x0000000094800000|100%| E|CS|TAMS 0x0000000094700000, 0x0000000094700000| Complete 
| 111|0x0000000097b00000, 0x0000000097c00000, 0x0000000097c00000|100%| E|CS|TAMS 0x0000000097b00000, 0x0000000097b00000| Complete 

Card table byte_map: [0x000001b378c10000,0x000001b378f90000] _byte_map_base: 0x000001b37878a000

Marking Bits (Prev, Next): (CMBitMap*) 0x000001b36ff99868, (CMBitMap*) 0x000001b36ff998a8
 Prev Bits: [0x000001b379310000, 0x000001b37aee0000)
 Next Bits: [0x000001b37aee0000, 0x000001b37cab0000)

Polling page: 0x000001b36ded0000

Metaspace:

Usage:
  Non-class:     39.13 MB capacity,    38.19 MB ( 98%) used,   771.27 KB (  2%) free+waste,   193.31 KB ( <1%) overhead. 
      Class:      5.86 MB capacity,     5.20 MB ( 89%) used,   589.40 KB ( 10%) free+waste,    90.19 KB (  2%) overhead. 
       Both:     44.99 MB capacity,    43.38 MB ( 96%) used,     1.33 MB (  3%) free+waste,   283.50 KB ( <1%) overhead. 

Virtual space:
  Non-class space:       40.00 MB reserved,      39.25 MB ( 98%) committed 
      Class space:        1.00 GB reserved,       5.88 MB ( <1%) committed 
             Both:        1.04 GB reserved,      45.13 MB (  4%) committed 

Chunk freelists:
   Non-Class:  60.00 KB
       Class:  5.00 KB
        Both:  65.00 KB

MaxMetaspaceSize: 17179869184.00 GB
CompressedClassSpaceSize: 1.00 GB

CodeHeap 'non-profiled nmethods': size=120000Kb used=7757Kb max_used=7757Kb free=112243Kb
 bounds [0x000001b307ad0000, 0x000001b308270000, 0x000001b30f000000]
CodeHeap 'profiled nmethods': size=120000Kb used=15100Kb max_used=16527Kb free=104900Kb
 bounds [0x000001b3005a0000, 0x000001b301600000, 0x000001b307ad0000]
CodeHeap 'non-nmethods': size=5760Kb used=1250Kb max_used=1332Kb free=4509Kb
 bounds [0x000001b300000000, 0x000001b300270000, 0x000001b3005a0000]
 total_blobs=13123 nmethods=7065 adapters=426
 compilation: enabled
              stopped_count=0, restarted_count=0
 full_count=0

Compilation events (20 events):
Event: 460.478 Thread 0x000001b37f527000 8853   !   4       org.apache.catalina.core.StandardWrapperValve::invoke (2665 bytes)
Event: 460.842 Thread 0x000001b37f527000 nmethod 8853 0x000001b30824e790 code [0x000001b30824f180, 0x000001b308254d80]
Event: 460.966 Thread 0x000001b37f527000 8854   !   4       org.apache.tomcat.util.net.NioEndpoint$SocketProcessor::doRun (665 bytes)
Event: 461.006 Thread 0x000001b37f527000 nmethod 8854 0x000001b308259390 code [0x000001b308259660, 0x000001b30825a9a8]
Event: 461.007 Thread 0x000001b37f527000 8855       4       org.apache.catalina.authenticator.AuthenticatorBase::getJaspicProvider (23 bytes)
Event: 461.008 Thread 0x000001b37f527000 nmethod 8855 0x000001b30825b590 code [0x000001b30825b720, 0x000001b30825b848]
Event: 461.018 Thread 0x000001b37f527000 8856       4       org.apache.tomcat.util.buf.B2CConverter::convert (452 bytes)
Event: 461.041 Thread 0x000001b37f527000 nmethod 8856 0x000001b30825b910 code [0x000001b30825bb20, 0x000001b30825c9d8]
Event: 461.042 Thread 0x000001b37f527000 8857   !   4       org.apache.catalina.core.StandardWrapper::allocate (413 bytes)
Event: 461.051 Thread 0x000001b37f527000 nmethod 8857 0x000001b30825d590 code [0x000001b30825d7a0, 0x000001b30825dfb0]
Event: 461.051 Thread 0x000001b37f527000 8858   !   4       java.nio.charset.CharsetEncoder::encode (285 bytes)
Event: 461.055 Thread 0x000001b37f527000 nmethod 8858 0x000001b30825e490 code [0x000001b30825e640, 0x000001b30825e868]
Event: 461.644 Thread 0x000001b37f52a000 8859       3       org.bson.BsonBinaryWriter$Context::getParentContext (8 bytes)
Event: 461.644 Thread 0x000001b37f52a000 nmethod 8859 0x000001b300f8d410 code [0x000001b300f8d5c0, 0x000001b300f8d858]
Event: 461.645 Thread 0x000001b37f527000 8860       4       java.util.ArrayList::equalsRange (85 bytes)
Event: 461.651 Thread 0x000001b37f527000 nmethod 8860 0x000001b30825ea90 code [0x000001b30825ec60, 0x000001b30825f118]
Event: 462.054 Thread 0x000001b37f527000 8861 % !   4       org.apache.tomcat.util.net.NioBlockingSelector$BlockPoller::run @ 0 (416 bytes)
Event: 462.083 Thread 0x000001b37f527000 nmethod 8861% 0x000001b30825f510 code [0x000001b30825f7e0, 0x000001b308260a58]
Event: 463.591 Thread 0x000001b37f527000 8862   !   4       org.apache.tomcat.util.net.NioBlockingSelector$BlockPoller::run (416 bytes)
Event: 463.617 Thread 0x000001b37f527000 nmethod 8862 0x000001b308261490 code [0x000001b308261760, 0x000001b308262a38]

GC Heap History (20 events):
Event: 459.232 GC heap before
{Heap before GC invocations=354 (full 1):
 garbage-first heap   total 51200K, used 43894K [0x0000000090c00000, 0x0000000100000000)
  region size 1024K, 17 young (17408K), 1 survivors (1024K)
 Metaspace       used 44424K, capacity 46069K, committed 46208K, reserved 1089536K
  class space    used 5321K, capacity 6001K, committed 6016K, reserved 1048576K
}
Event: 459.233 GC heap after
{Heap after GC invocations=355 (full 1):
 garbage-first heap   total 51200K, used 27500K [0x0000000090c00000, 0x0000000100000000)
  region size 1024K, 1 young (1024K), 1 survivors (1024K)
 Metaspace       used 44424K, capacity 46069K, committed 46208K, reserved 1089536K
  class space    used 5321K, capacity 6001K, committed 6016K, reserved 1048576K
}
Event: 459.822 GC heap before
{Heap before GC invocations=355 (full 1):
 garbage-first heap   total 51200K, used 43884K [0x0000000090c00000, 0x0000000100000000)
  region size 1024K, 17 young (17408K), 1 survivors (1024K)
 Metaspace       used 44424K, capacity 46069K, committed 46208K, reserved 1089536K
  class space    used 5321K, capacity 6001K, committed 6016K, reserved 1048576K
}
Event: 459.824 GC heap after
{Heap after GC invocations=356 (full 1):
 garbage-first heap   total 51200K, used 27524K [0x0000000090c00000, 0x0000000100000000)
  region size 1024K, 1 young (1024K), 1 survivors (1024K)
 Metaspace       used 44424K, capacity 46069K, committed 46208K, reserved 1089536K
  class space    used 5321K, capacity 6001K, committed 6016K, reserved 1048576K
}
Event: 460.776 GC heap before
{Heap before GC invocations=357 (full 1):
 garbage-first heap   total 51200K, used 42884K [0x0000000090c00000, 0x0000000100000000)
  region size 1024K, 17 young (17408K), 1 survivors (1024K)
 Metaspace       used 44424K, capacity 46069K, committed 46208K, reserved 1089536K
  class space    used 5321K, capacity 6001K, committed 6016K, reserved 1048576K
}
Event: 460.777 GC heap after
{Heap after GC invocations=358 (full 1):
 garbage-first heap   total 51200K, used 27510K [0x0000000090c00000, 0x0000000100000000)
  region size 1024K, 1 young (1024K), 1 survivors (1024K)
 Metaspace       used 44424K, capacity 46069K, committed 46208K, reserved 1089536K
  class space    used 5321K, capacity 6001K, committed 6016K, reserved 1048576K
}
Event: 461.415 GC heap before
{Heap before GC invocations=358 (full 1):
 garbage-first heap   total 51200K, used 43894K [0x0000000090c00000, 0x0000000100000000)
  region size 1024K, 17 young (17408K), 1 survivors (1024K)
 Metaspace       used 44424K, capacity 46069K, committed 46208K, reserved 1089536K
  class space    used 5321K, capacity 6001K, committed 6016K, reserved 1048576K
}
Event: 461.417 GC heap after
{Heap after GC invocations=359 (full 1):
 garbage-first heap   total 51200K, used 27506K [0x0000000090c00000, 0x0000000100000000)
  region size 1024K, 1 young (1024K), 1 survivors (1024K)
 Metaspace       used 44424K, capacity 46069K, committed 46208K, reserved 1089536K
  class space    used 5321K, capacity 6001K, committed 6016K, reserved 1048576K
}
Event: 462.022 GC heap before
{Heap before GC invocations=360 (full 1):
 garbage-first heap   total 51200K, used 42866K [0x0000000090c00000, 0x0000000100000000)
  region size 1024K, 17 young (17408K), 1 survivors (1024K)
 Metaspace       used 44424K, capacity 46069K, committed 46208K, reserved 1089536K
  class space    used 5321K, capacity 6001K, committed 6016K, reserved 1048576K
}
Event: 462.023 GC heap after
{Heap after GC invocations=361 (full 1):
 garbage-first heap   total 51200K, used 27502K [0x0000000090c00000, 0x0000000100000000)
  region size 1024K, 1 young (1024K), 1 survivors (1024K)
 Metaspace       used 44424K, capacity 46069K, committed 46208K, reserved 1089536K
  class space    used 5321K, capacity 6001K, committed 6016K, reserved 1048576K
}
Event: 462.615 GC heap before
{Heap before GC invocations=361 (full 1):
 garbage-first heap   total 51200K, used 42862K [0x0000000090c00000, 0x0000000100000000)
  region size 1024K, 17 young (17408K), 1 survivors (1024K)
 Metaspace       used 44424K, capacity 46069K, committed 46208K, reserved 1089536K
  class space    used 5321K, capacity 6001K, committed 6016K, reserved 1048576K
}
Event: 462.616 GC heap after
{Heap after GC invocations=362 (full 1):
 garbage-first heap   total 51200K, used 27515K [0x0000000090c00000, 0x0000000100000000)
  region size 1024K, 1 young (1024K), 1 survivors (1024K)
 Metaspace       used 44424K, capacity 46069K, committed 46208K, reserved 1089536K
  class space    used 5321K, capacity 6001K, committed 6016K, reserved 1048576K
}
Event: 463.322 GC heap before
{Heap before GC invocations=363 (full 1):
 garbage-first heap   total 51200K, used 43899K [0x0000000090c00000, 0x0000000100000000)
  region size 1024K, 17 young (17408K), 1 survivors (1024K)
 Metaspace       used 44424K, capacity 46069K, committed 46208K, reserved 1089536K
  class space    used 5321K, capacity 6001K, committed 6016K, reserved 1048576K
}
Event: 463.323 GC heap after
{Heap after GC invocations=364 (full 1):
 garbage-first heap   total 51200K, used 27517K [0x0000000090c00000, 0x0000000100000000)
  region size 1024K, 1 young (1024K), 1 survivors (1024K)
 Metaspace       used 44424K, capacity 46069K, committed 46208K, reserved 1089536K
  class space    used 5321K, capacity 6001K, committed 6016K, reserved 1048576K
}
Event: 464.046 GC heap before
{Heap before GC invocations=364 (full 1):
 garbage-first heap   total 51200K, used 43901K [0x0000000090c00000, 0x0000000100000000)
  region size 1024K, 17 young (17408K), 1 survivors (1024K)
 Metaspace       used 44424K, capacity 46069K, committed 46208K, reserved 1089536K
  class space    used 5321K, capacity 6001K, committed 6016K, reserved 1048576K
}
Event: 464.047 GC heap after
{Heap after GC invocations=365 (full 1):
 garbage-first heap   total 51200K, used 27519K [0x0000000090c00000, 0x0000000100000000)
  region size 1024K, 1 young (1024K), 1 survivors (1024K)
 Metaspace       used 44424K, capacity 46069K, committed 46208K, reserved 1089536K
  class space    used 5321K, capacity 6001K, committed 6016K, reserved 1048576K
}
Event: 465.016 GC heap before
{Heap before GC invocations=366 (full 1):
 garbage-first heap   total 51200K, used 43903K [0x0000000090c00000, 0x0000000100000000)
  region size 1024K, 17 young (17408K), 1 survivors (1024K)
 Metaspace       used 44424K, capacity 46069K, committed 46208K, reserved 1089536K
  class space    used 5321K, capacity 6001K, committed 6016K, reserved 1048576K
}
Event: 465.017 GC heap after
{Heap after GC invocations=367 (full 1):
 garbage-first heap   total 51200K, used 27531K [0x0000000090c00000, 0x0000000100000000)
  region size 1024K, 1 young (1024K), 1 survivors (1024K)
 Metaspace       used 44424K, capacity 46069K, committed 46208K, reserved 1089536K
  class space    used 5321K, capacity 6001K, committed 6016K, reserved 1048576K
}
Event: 465.249 GC heap before
{Heap before GC invocations=367 (full 1):
 garbage-first heap   total 51200K, used 42891K [0x0000000090c00000, 0x0000000100000000)
  region size 1024K, 17 young (17408K), 1 survivors (1024K)
 Metaspace       used 44424K, capacity 46069K, committed 46208K, reserved 1089536K
  class space    used 5321K, capacity 6001K, committed 6016K, reserved 1048576K
}
Event: 465.250 GC heap after
{Heap after GC invocations=368 (full 1):
 garbage-first heap   total 51200K, used 27513K [0x0000000090c00000, 0x0000000100000000)
  region size 1024K, 1 young (1024K), 1 survivors (1024K)
 Metaspace       used 44424K, capacity 46069K, committed 46208K, reserved 1089536K
  class space    used 5321K, capacity 6001K, committed 6016K, reserved 1048576K
}

Deoptimization events (20 events):
Event: 442.158 Thread 0x000001b315db7800 Uncommon trap: trap_request=0xffffff45 fr.pc=0x000001b3080a0cb0 relative=0x0000000000000c30
Event: 442.158 Thread 0x000001b315db7800 Uncommon trap: reason=unstable_if action=reinterpret pc=0x000001b3080a0cb0 method=org.apache.catalina.core.StandardWrapperValve.invoke(Lorg/apache/catalina/connector/Request;Lorg/apache/catalina/connector/Response;)V @ 889 c2
Event: 442.158 Thread 0x000001b315db7800 DEOPT PACKING pc=0x000001b3080a0cb0 sp=0x00000004135fe920
Event: 442.158 Thread 0x000001b315db7800 DEOPT UNPACKING pc=0x000001b30004912f sp=0x00000004135fe898 mode 2
Event: 442.158 Thread 0x000001b315db7800 Uncommon trap: trap_request=0xffffff45 fr.pc=0x000001b307cf41a4 relative=0x0000000000000164
Event: 442.158 Thread 0x000001b315db7800 Uncommon trap: reason=unstable_if action=reinterpret pc=0x000001b307cf41a4 method=org.apache.catalina.core.ContainerBase.getAccessLog()Lorg/apache/catalina/AccessLog; @ 4 c2
Event: 442.158 Thread 0x000001b315db7800 DEOPT PACKING pc=0x000001b307cf41a4 sp=0x00000004135feae0
Event: 442.158 Thread 0x000001b315db7800 DEOPT UNPACKING pc=0x000001b30004912f sp=0x00000004135fea08 mode 2
Event: 442.158 Thread 0x000001b315db7800 Uncommon trap: trap_request=0xffffff45 fr.pc=0x000001b307b91310 relative=0x0000000000000070
Event: 442.158 Thread 0x000001b315db7800 Uncommon trap: reason=unstable_if action=reinterpret pc=0x000001b307b91310 method=org.apache.catalina.core.ContainerBase.getAccessLog()Lorg/apache/catalina/AccessLog; @ 4 c2
Event: 442.158 Thread 0x000001b315db7800 DEOPT PACKING pc=0x000001b307b91310 sp=0x00000004135fea00
Event: 442.158 Thread 0x000001b315db7800 DEOPT UNPACKING pc=0x000001b30004912f sp=0x00000004135fe970 mode 2
Event: 442.161 Thread 0x000001b315db9000 Uncommon trap: trap_request=0xffffff45 fr.pc=0x000001b3080a0cb0 relative=0x0000000000000c30
Event: 442.161 Thread 0x000001b315db9000 Uncommon trap: reason=unstable_if action=reinterpret pc=0x000001b3080a0cb0 method=org.apache.catalina.core.StandardWrapperValve.invoke(Lorg/apache/catalina/connector/Request;Lorg/apache/catalina/connector/Response;)V @ 889 c2
Event: 442.161 Thread 0x000001b315db9000 DEOPT PACKING pc=0x000001b3080a0cb0 sp=0x00000004137fe6e0
Event: 442.161 Thread 0x000001b315db9000 DEOPT UNPACKING pc=0x000001b30004912f sp=0x00000004137fe658 mode 2
Event: 448.634 Thread 0x000001b315daf000 DEOPT PACKING pc=0x000001b300c5de08 sp=0x00000004131fef10
Event: 448.634 Thread 0x000001b315daf000 DEOPT UNPACKING pc=0x000001b30004964e sp=0x00000004131fe440 mode 0
Event: 462.054 Thread 0x000001b315daf000 DEOPT PACKING pc=0x000001b301410bb2 sp=0x00000004131fef00
Event: 462.054 Thread 0x000001b315daf000 DEOPT UNPACKING pc=0x000001b30004964e sp=0x00000004131fe440 mode 0

Classes unloaded (17 events):
Event: 10.478 Thread 0x000001b37f4fe800 Unloading class 0x0000000800f69040 'java/util/stream/Collectors$$Lambda$641'
Event: 10.478 Thread 0x000001b37f4fe800 Unloading class 0x0000000800f68840 'java/util/stream/Collectors$$Lambda$638'
Event: 10.478 Thread 0x000001b37f4fe800 Unloading class 0x0000000800f68040 'java/util/stream/Collectors$$Lambda$636'
Event: 10.478 Thread 0x000001b37f4fe800 Unloading class 0x0000000800ef8840 'java/util/stream/Collectors$$Lambda$634'
Event: 10.478 Thread 0x000001b37f4fe800 Unloading class 0x0000000800ef9040 'java/lang/invoke/LambdaForm$MH'
Event: 10.478 Thread 0x000001b37f4fe800 Unloading class 0x0000000800ef9840 'sun/net/ext/ExtendedSocketOptions$$Lambda$633'
Event: 10.478 Thread 0x000001b37f4fe800 Unloading class 0x0000000800efa040 'com/mongodb/internal/connection/SocketStreamHelper$$Lambda$631'
Event: 309.867 Thread 0x000001b37f4fe800 Unloading class 0x000000080110a840 'jdk/internal/reflect/GeneratedMethodAccessor61'
Event: 309.867 Thread 0x000001b37f4fe800 Unloading class 0x0000000801109840 'jdk/internal/reflect/GeneratedMethodAccessor58'
Event: 309.867 Thread 0x000001b37f4fe800 Unloading class 0x0000000801109440 'jdk/internal/reflect/GeneratedMethodAccessor56'
Event: 309.867 Thread 0x000001b37f4fe800 Unloading class 0x0000000801108840 'org/springframework/web/servlet/mvc/method/annotation/AbstractMessageConverterMethodArgumentResolver$$Lambda$1063'
Event: 309.867 Thread 0x000001b37f4fe800 Unloading class 0x0000000801108440 'org/springframework/data/repository/support/DomainClassConverter$$Lambda$1061'
Event: 309.867 Thread 0x000001b37f4fe800 Unloading class 0x00000008010b0840 'jdk/internal/reflect/GeneratedConstructorAccessor35'
Event: 442.875 Thread 0x000001b37f4fe800 Unloading class 0x000000080110ac40 'jdk/internal/reflect/GeneratedMethodAccessor62'
Event: 442.875 Thread 0x000001b37f4fe800 Unloading class 0x000000080110b840 'org/apache/catalina/loader/JdbcLeakPrevention'
Event: 444.215 Thread 0x000001b37f4fe800 Unloading class 0x000000080111cc40 'jdk/internal/reflect/GeneratedConstructorAccessor40'
Event: 444.215 Thread 0x000001b37f4fe800 Unloading class 0x000000080111c840 'jdk/internal/reflect/GeneratedConstructorAccessor39'

Classes redefined (0 events):
No events

Internal exceptions (20 events):
Event: 441.688 Thread 0x000001b315dac000 Exception <a 'java/lang/ClassNotFoundException'{0x0000000094742070}: com/example/NutrienX/usercontrollerCustomizer> (0x0000000094742070) 
thrown [t:/workspace/open/src/hotspot/share/classfile/systemDictionary.cpp, line 232]
Event: 441.733 Thread 0x000001b315dac000 Implicit null exception at 0x000001b307f58008 to 0x000001b307f581b6
Event: 442.134 Thread 0x000001b315db7800 Implicit null exception at 0x000001b3080b8023 to 0x000001b3080b98aa
Event: 442.134 Thread 0x000001b315db6000 Implicit null exception at 0x000001b3080b8023 to 0x000001b3080b98aa
Event: 442.134 Thread 0x000001b315db7800 Implicit null exception at 0x000001b30803caa5 to 0x000001b30803d132
Event: 442.134 Thread 0x000001b315db7800 Implicit null exception at 0x000001b30808d8e0 to 0x000001b30808d956
Event: 442.137 Thread 0x000001b315db7800 Implicit null exception at 0x000001b307d98fbe to 0x000001b307d9acda
Event: 442.137 Thread 0x000001b315db9000 Implicit null exception at 0x000001b307d98fbe to 0x000001b307d9acda
Event: 442.137 Thread 0x000001b315db6800 Implicit null exception at 0x000001b307d98fbe to 0x000001b307d9acda
Event: 442.139 Thread 0x000001b315db6800 Implicit null exception at 0x000001b3080cac9e to 0x000001b3080cad4f
Event: 442.139 Thread 0x000001b315db7800 Implicit null exception at 0x000001b3080cac9e to 0x000001b3080cad4f
Event: 442.140 Thread 0x000001b315db6800 Implicit null exception at 0x000001b30804489f to 0x000001b30804493b
Event: 442.140 Thread 0x000001b315db6800 Implicit null exception at 0x000001b3080015e0 to 0x000001b3080017a2
Event: 442.140 Thread 0x000001b315db6000 Implicit null exception at 0x000001b3080cc2ca to 0x000001b3080d0302
Event: 442.141 Thread 0x000001b315db9000 Implicit null exception at 0x000001b3080cc2ca to 0x000001b3080d0302
Event: 442.142 Thread 0x000001b315db6800 Implicit null exception at 0x000001b307f89371 to 0x000001b307f894e2
Event: 442.143 Thread 0x000001b315db8000 Implicit null exception at 0x000001b307edda09 to 0x000001b307eddad0
Event: 442.143 Thread 0x000001b315db8000 Implicit null exception at 0x000001b307f93d65 to 0x000001b307f93e49
Event: 442.143 Thread 0x000001b315db6000 Implicit null exception at 0x000001b307f93d65 to 0x000001b307f93e49
Event: 442.148 Thread 0x000001b315db7800 Implicit null exception at 0x000001b30807deb4 to 0x000001b30807dfe5

Events (20 events):
Event: 462.023 Executing VM operation: G1CollectForAllocation done
Event: 462.615 Executing VM operation: G1CollectForAllocation
Event: 462.616 Executing VM operation: G1CollectForAllocation done
Event: 462.656 Executing VM operation: G1Concurrent
Event: 462.659 Executing VM operation: G1Concurrent done
Event: 462.679 Executing VM operation: G1Concurrent
Event: 462.679 Executing VM operation: G1Concurrent done
Event: 463.322 Executing VM operation: G1CollectForAllocation
Event: 463.323 Executing VM operation: G1CollectForAllocation done
Event: 464.046 Executing VM operation: G1CollectForAllocation
Event: 464.047 Executing VM operation: G1CollectForAllocation done
Event: 464.082 Executing VM operation: G1Concurrent
Event: 464.085 Executing VM operation: G1Concurrent done
Event: 464.100 Executing VM operation: G1Concurrent
Event: 464.100 Executing VM operation: G1Concurrent done
Event: 465.016 Executing VM operation: G1CollectForAllocation
Event: 465.017 Executing VM operation: G1CollectForAllocation done
Event: 465.248 Executing VM operation: G1CollectForAllocation
Event: 465.250 Executing VM operation: G1CollectForAllocation done
Event: 465.286 Executing VM operation: G1Concurrent


Dynamic libraries:
0x00007ff7355e0000 - 0x00007ff7355ef000 	C:\Program Files\Java\jdk-13.0.2\bin\java.exe
0x00007ffbb1650000 - 0x00007ffbb183d000 	C:\WINDOWS\SYSTEM32\ntdll.dll
0x00007ffbb0a00000 - 0x00007ffbb0ab3000 	C:\WINDOWS\System32\KERNEL32.DLL
0x00007ffbae1b0000 - 0x00007ffbae445000 	C:\WINDOWS\System32\KERNELBASE.dll
0x00007ffbae560000 - 0x00007ffbae65a000 	C:\WINDOWS\System32\ucrtbase.dll
0x00007ffba35c0000 - 0x00007ffba35d8000 	C:\Program Files\Java\jdk-13.0.2\bin\jli.dll
0x00007ffba3b60000 - 0x00007ffba3b75000 	C:\Program Files\Java\jdk-13.0.2\bin\VCRUNTIME140.dll
0x00007ffbb05e0000 - 0x00007ffbb0683000 	C:\WINDOWS\System32\ADVAPI32.dll
0x00007ffbb0e80000 - 0x00007ffbb0f1e000 	C:\WINDOWS\System32\msvcrt.dll
0x00007ffbb0880000 - 0x00007ffbb091e000 	C:\WINDOWS\System32\sechost.dll
0x00007ffbb0750000 - 0x00007ffbb0872000 	C:\WINDOWS\System32\RPCRT4.dll
0x00007ffbb0b40000 - 0x00007ffbb0cd7000 	C:\WINDOWS\System32\USER32.dll
0x00007ffb99e30000 - 0x00007ffb9a0a9000 	C:\WINDOWS\WinSxS\amd64_microsoft.windows.common-controls_6595b64144ccf1df_6.0.17763.1158_none_de722d88534a897f\COMCTL32.dll
0x00007ffbae190000 - 0x00007ffbae1b0000 	C:\WINDOWS\System32\win32u.dll
0x00007ffbb0720000 - 0x00007ffbb0749000 	C:\WINDOWS\System32\GDI32.dll
0x00007ffbb02b0000 - 0x00007ffbb05dc000 	C:\WINDOWS\System32\combase.dll
0x00007ffbae660000 - 0x00007ffbae7f9000 	C:\WINDOWS\System32\gdi32full.dll
0x00007ffbae110000 - 0x00007ffbae18e000 	C:\WINDOWS\System32\bcryptPrimitives.dll
0x00007ffbade60000 - 0x00007ffbadf00000 	C:\WINDOWS\System32\msvcp_win.dll
0x00007ffba76f0000 - 0x00007ffba76fa000 	C:\WINDOWS\SYSTEM32\VERSION.dll
0x00007ffbb06f0000 - 0x00007ffbb071e000 	C:\WINDOWS\System32\IMM32.DLL
0x00007ffb8c8f0000 - 0x00007ffb8c98b000 	C:\Program Files\Java\jdk-13.0.2\bin\msvcp140.dll
0x00007ffb62810000 - 0x00007ffb6336d000 	C:\Program Files\Java\jdk-13.0.2\bin\server\jvm.dll
0x00007ffbb0e10000 - 0x00007ffbb0e18000 	C:\WINDOWS\System32\PSAPI.DLL
0x00007ffbaaab0000 - 0x00007ffbaaad4000 	C:\WINDOWS\SYSTEM32\WINMM.dll
0x00007ffb984c0000 - 0x00007ffb984c9000 	C:\WINDOWS\SYSTEM32\WSOCK32.dll
0x00007ffbb0990000 - 0x00007ffbb09fd000 	C:\WINDOWS\System32\WS2_32.dll
0x00007ffbaaa80000 - 0x00007ffbaaaad000 	C:\WINDOWS\SYSTEM32\WINMMBASE.dll
0x00007ffbae800000 - 0x00007ffbae84a000 	C:\WINDOWS\System32\cfgmgr32.dll
0x00007ffbad640000 - 0x00007ffbad651000 	C:\WINDOWS\System32\kernel.appcore.dll
0x00007ffba3b50000 - 0x00007ffba3b60000 	C:\Program Files\Java\jdk-13.0.2\bin\verify.dll
0x00007ffb9bf60000 - 0x00007ffb9c14d000 	C:\WINDOWS\SYSTEM32\DBGHELP.DLL
0x00007ffb9bac0000 - 0x00007ffb9baea000 	C:\WINDOWS\SYSTEM32\dbgcore.DLL
0x00007ffba3240000 - 0x00007ffba3266000 	C:\Program Files\Java\jdk-13.0.2\bin\java.dll
0x00007ffba3770000 - 0x00007ffba3787000 	C:\Program Files\Java\jdk-13.0.2\bin\zip.dll
0x00007ffba3b40000 - 0x00007ffba3b4a000 	C:\Program Files\Java\jdk-13.0.2\bin\jimage.dll
0x00007ffbaeb30000 - 0x00007ffbb0024000 	C:\WINDOWS\System32\SHELL32.dll
0x00007ffbb0ce0000 - 0x00007ffbb0d88000 	C:\WINDOWS\System32\shcore.dll
0x00007ffbad710000 - 0x00007ffbade5d000 	C:\WINDOWS\System32\windows.storage.dll
0x00007ffbad6c0000 - 0x00007ffbad6e4000 	C:\WINDOWS\System32\profapi.dll
0x00007ffbad660000 - 0x00007ffbad6bd000 	C:\WINDOWS\System32\powrprof.dll
0x00007ffbb0690000 - 0x00007ffbb06e2000 	C:\WINDOWS\System32\shlwapi.dll
0x00007ffbae850000 - 0x00007ffbae867000 	C:\WINDOWS\System32\cryptsp.dll
0x00007ffb99d90000 - 0x00007ffb99da9000 	C:\Program Files\Java\jdk-13.0.2\bin\net.dll
0x00007ffba6340000 - 0x00007ffba6432000 	C:\WINDOWS\SYSTEM32\WINHTTP.dll
0x00007ffbace50000 - 0x00007ffbaceb7000 	C:\WINDOWS\system32\mswsock.dll
0x00007ffb99d70000 - 0x00007ffb99d83000 	C:\Program Files\Java\jdk-13.0.2\bin\nio.dll
0x00007ffb9b0e0000 - 0x00007ffb9b0e9000 	C:\Program Files\Java\jdk-13.0.2\bin\management.dll
0x00007ffb98ce0000 - 0x00007ffb98ceb000 	C:\Program Files\Java\jdk-13.0.2\bin\management_ext.dll
0x00007ffb94e40000 - 0x00007ffb94e56000 	C:\WINDOWS\system32\napinsp.dll
0x00007ffb94e20000 - 0x00007ffb94e3a000 	C:\WINDOWS\system32\pnrpnsp.dll
0x00007ffb94e00000 - 0x00007ffb94e15000 	C:\WINDOWS\system32\wshbth.dll
0x00007ffba9f60000 - 0x00007ffba9f7b000 	C:\WINDOWS\system32\NLAapi.dll
0x00007ffbacb70000 - 0x00007ffbacbad000 	C:\WINDOWS\SYSTEM32\IPHLPAPI.DLL
0x00007ffbacbb0000 - 0x00007ffbacc77000 	C:\WINDOWS\SYSTEM32\DNSAPI.dll
0x00007ffbb1610000 - 0x00007ffbb1618000 	C:\WINDOWS\System32\NSI.dll
0x00007ffb94df0000 - 0x00007ffb94dfe000 	C:\WINDOWS\System32\winrnr.dll
0x00007ffba6460000 - 0x00007ffba646a000 	C:\Windows\System32\rasadhlp.dll
0x00007ffba3cb0000 - 0x00007ffba3d29000 	C:\WINDOWS\System32\fwpuclnt.dll
0x00007ffbae0e0000 - 0x00007ffbae106000 	C:\WINDOWS\System32\bcrypt.dll
0x00007ffbac9d0000 - 0x00007ffbaca03000 	C:\WINDOWS\system32\rsaenh.dll
0x00007ffbad570000 - 0x00007ffbad598000 	C:\WINDOWS\SYSTEM32\USERENV.dll
0x00007ffbad080000 - 0x00007ffbad08c000 	C:\WINDOWS\SYSTEM32\CRYPTBASE.dll
0x00007ffba5ea0000 - 0x00007ffba5eb6000 	C:\WINDOWS\SYSTEM32\dhcpcsvc6.DLL
0x00007ffba5fa0000 - 0x00007ffba5fbc000 	C:\WINDOWS\SYSTEM32\dhcpcsvc.DLL

dbghelp: loaded successfully - version: 4.0.5 - missing functions: none
symbol engine: initialized successfully - sym options: 0x614 - pdb path: .;C:\Program Files\Java\jdk-13.0.2\bin;C:\WINDOWS\SYSTEM32;C:\WINDOWS\WinSxS\amd64_microsoft.windows.common-controls_6595b64144ccf1df_6.0.17763.1158_none_de722d88534a897f;C:\Program Files\Java\jdk-13.0.2\bin\server

VM Arguments:
java_command: com.example.NutrienX.NutrienXApplication
java_class_path (initial): C:\Users\richa\Downloads\NutrienX\target\classes;C:\Users\richa\.m2\repository\org\springframework\boot\spring-boot-starter-data-mongodb\2.4.1-SNAPSHOT\spring-boot-starter-data-mongodb-2.4.1-SNAPSHOT.jar;C:\Users\richa\.m2\repository\org\springframework\boot\spring-boot-starter\2.4.1-SNAPSHOT\spring-boot-starter-2.4.1-SNAPSHOT.jar;C:\Users\richa\.m2\repository\org\springframework\boot\spring-boot-starter-logging\2.4.1-SNAPSHOT\spring-boot-starter-logging-2.4.1-SNAPSHOT.jar;C:\Users\richa\.m2\repository\ch\qos\logback\logback-classic\1.2.3\logback-classic-1.2.3.jar;C:\Users\richa\.m2\repository\ch\qos\logback\logback-core\1.2.3\logback-core-1.2.3.jar;C:\Users\richa\.m2\repository\org\apache\logging\log4j\log4j-to-slf4j\2.13.3\log4j-to-slf4j-2.13.3.jar;C:\Users\richa\.m2\repository\org\apache\logging\log4j\log4j-api\2.13.3\log4j-api-2.13.3.jar;C:\Users\richa\.m2\repository\org\slf4j\jul-to-slf4j\1.7.30\jul-to-slf4j-1.7.30.jar;C:\Users\richa\.m2\repository\jakarta\annotation\jakarta.annotation-api\1.3.5\jakarta.annotation-api-1.3.5.jar;C:\Users\richa\.m2\repository\org\yaml\snakeyaml\1.27\snakeyaml-1.27.jar;C:\Users\richa\.m2\repository\org\mongodb\mongodb-driver-sync\4.1.1\mongodb-driver-sync-4.1.1.jar;C:\Users\richa\.m2\repository\org\mongodb\bson\4.1.1\bson-4.1.1.jar;C:\Users\richa\.m2\repository\org\mongodb\mongodb-driver-core\4.1.1\mongodb-driver-core-4.1.1.jar;C:\Users\richa\.m2\repository\org\springframework\data\spring-data-mongodb\3.1.1\spring-data-mongodb-3.1.1.jar;C:\Users\richa\.m2\repository\org\springframework\spring-tx\5.3.1\spring-tx-5.3.1.jar;C:\Users\richa\.m2\repository\org\springframework\spring-context\5.3.1\spring-context-5.3.1.jar;C:\Users\richa\.m2\repository\org\springframework\spring-beans\5.3.1\spring-beans-5.3.1.jar;C:\Users\richa\.m2\repository\org\springframework\spring-expression\5.3.1\spring-expression-5.3.1.jar;C:\Users\richa\.m2\repository\org\springframework\data\spring-data-commons\2.4.1\spring-data-commo
Launcher Type: SUN_STANDARD

[Global flags]
     intx CICompilerCount                          = 4                                         {product} {ergonomic}
     uint ConcGCThreads                            = 2                                         {product} {ergonomic}
     uint G1ConcRefinementThreads                  = 8                                         {product} {ergonomic}
   size_t G1HeapRegionSize                         = 1048576                                   {product} {ergonomic}
    uintx GCDrainStackTargetSize                   = 64                                        {product} {ergonomic}
   size_t InitialHeapSize                          = 117440512                                 {product} {ergonomic}
   size_t MarkStackSize                            = 4194304                                   {product} {ergonomic}
   size_t MaxHeapSize                              = 1866465280                                {product} {ergonomic}
   size_t MaxNewSize                               = 1119879168                                {product} {ergonomic}
   size_t MinHeapDeltaBytes                        = 1048576                                   {product} {ergonomic}
   size_t MinHeapSize                              = 8388608                                   {product} {ergonomic}
    uintx NonNMethodCodeHeapSize                   = 5839372                                {pd product} {ergonomic}
    uintx NonProfiledCodeHeapSize                  = 122909434                              {pd product} {ergonomic}
    uintx ProfiledCodeHeapSize                     = 122909434                              {pd product} {ergonomic}
    uintx ReservedCodeCacheSize                    = 251658240                              {pd product} {ergonomic}
     bool SegmentedCodeCache                       = true                                      {product} {ergonomic}
   size_t SoftMaxHeapSize                          = 1866465280                             {manageable} {ergonomic}
     bool UseCompressedClassPointers               = true                                 {lp64_product} {ergonomic}
     bool UseCompressedOops                        = true                                 {lp64_product} {ergonomic}
     bool UseG1GC                                  = true                                      {product} {ergonomic}
     bool UseLargePagesIndividualAllocation        = false                                  {pd product} {ergonomic}

Logging:
Log output configuration:
 #0: stdout all=warning uptime,level,tags
 #1: stderr all=off uptime,level,tags

Environment Variables:
JAVA_HOME=C:\Program Files\Java\jdk-13.0.2
PATH=C:\Program Files (x86)\Common Files\Oracle\Java\javapath;C:\WINDOWS\system32;C:\WINDOWS;C:\WINDOWS\System32\Wbem;C:\WINDOWS\System32\WindowsPowerShell\v1.0\;C:\WINDOWS\System32\OpenSSH\;C:\Program Files\Intel\WiFi\bin\;C:\Program Files\Common Files\Intel\WirelessCommon\;C:\Program Files\dotnet\;C:\Program Files\Microsoft SQL Server\130\Tools\Binn\;C:\Program Files\apache-maven-3.6.3\bin;C:\Program Files\Java\jdk-11.0.7\bin;C:\Program Files\Git\cmd;C:\Program Files\nodejs\;C:\Users\richa\AppData\Local\Programs\Microsoft VS Code\bin;C:\Users\richa\AppData\Local\atom\bin;C:\Users\richa\AppData\Roaming\npm
USERNAME=richa
OS=Windows_NT
PROCESSOR_IDENTIFIER=AMD64 Family 23 Model 17 Stepping 0, AuthenticAMD



---------------  S Y S T E M  ---------------

OS: Windows 10 , 64 bit Build 17763 (10.0.17763.1158)

CPU:total 8 (initial active 8) (8 cores per cpu, 2 threads per core) family 23 model 17 stepping 0, cmov, cx8, fxsr, mmx, sse, sse2, sse3, ssse3, sse4.1, sse4.2, popcnt, avx, avx2, aes, clmul, mmxext, 3dnowpref, lzcnt, sse4a, ht, tsc, tscinvbit, tscinv, bmi1, bmi2, adx, sha, fma

Memory: 4k page, system-wide physical 7117M (896M free)
TotalPageFile size 22117M (AvailPageFile size 5M)
current process WorkingSet (physical memory assigned to process): 190M, peak: 246M
current process commit charge ("private bytes"): 230M, peak: 287M

vm_info: Java HotSpot(TM) 64-Bit Server VM (13.0.2+8) for windows-amd64 JRE (13.0.2+8), built on Dec 11 2019 09:20:33 by "mach5one" with unknown MS VC++:1916

END.
